============================= test session starts =============================
platform win32 -- Python 3.13.11, pytest-9.1.1, pluggy-1.6.0 -- C:\Users\User\AppData\Local\Programs\Python\Python313\python.exe
cachedir: .pytest_cache
rootdir: C:\Users\User\Desktop\databricks-academy-lakehouse
collecting ... collected 46 items

labs/lab_06_gold_analytics_external/tests/test_aggregations.py::test_all_four_aggregate_names_resolve_in_target_schema PASSED [  2%]
labs/lab_06_gold_analytics_external/tests/test_aggregations.py::test_all_four_aggregate_paths_use_external_root PASSED [  4%]
labs/lab_06_gold_analytics_external/tests/test_aggregations.py::test_aggregate_locations_are_unique PASSED [  6%]
labs/lab_06_gold_analytics_external/tests/test_aggregations.py::test_aggregates_are_not_inside_source_volume PASSED [  8%]
labs/lab_06_gold_analytics_external/tests/test_aggregations.py::test_aggregate_namespace_matches_facts_and_dimensions PASSED [ 10%]
labs/lab_06_gold_analytics_external/tests/test_aggregations.py::test_aggregate_path_basename_matches_table_basename PASSED [ 13%]
labs/lab_06_gold_analytics_external/tests/test_dimensions.py::test_all_six_dimensions_use_target_schema PASSED [ 15%]
labs/lab_06_gold_analytics_external/tests/test_dimensions.py::test_dimension_storage_is_external_sibling_storage PASSED [ 17%]
labs/lab_06_gold_analytics_external/tests/test_dimensions.py::test_each_dimension_has_unique_external_location PASSED [ 19%]
labs/lab_06_gold_analytics_external/tests/test_dimensions.py::test_dimension_namespace_is_separate_from_source_schema PASSED [ 21%]
labs/lab_06_gold_analytics_external/tests/test_dimensions.py::test_dimension_locations_do_not_use_source_volume_name PASSED [ 23%]
labs/lab_06_gold_analytics_external/tests/test_external_config.py::test_source_and_target_are_separate PASSED [ 26%]
labs/lab_06_gold_analytics_external/tests/test_external_config.py::test_external_table_path_is_sibling_storage PASSED [ 28%]
labs/lab_06_gold_analytics_external/tests/test_external_config.py::test_fully_qualified_target_table PASSED [ 30%]
labs/lab_06_gold_analytics_external/tests/test_external_tables.py::test_normalize_location_ignores_case_and_trailing_slash PASSED [ 32%]
labs/lab_06_gold_analytics_external/tests/test_external_tables.py::test_registered_table_location_returns_none_when_table_missing PASSED [ 34%]
labs/lab_06_gold_analytics_external/tests/test_external_tables.py::test_registered_table_location_reads_describe_detail PASSED [ 36%]
labs/lab_06_gold_analytics_external/tests/test_external_tables.py::test_register_existing_table_at_same_location_is_idempotent PASSED [ 39%]
labs/lab_06_gold_analytics_external/tests/test_external_tables.py::test_register_rejects_existing_table_at_different_location PASSED [ 41%]
labs/lab_06_gold_analytics_external/tests/test_external_tables.py::test_validate_registered_location_rejects_mismatch PASSED [ 43%]
labs/lab_06_gold_analytics_external/tests/test_fact_conditions.py::test_fact_conditions_fully_qualified_name PASSED [ 45%]
labs/lab_06_gold_analytics_external/tests/test_fact_conditions.py::test_fact_conditions_external_location PASSED [ 47%]
labs/lab_06_gold_analytics_external/tests/test_fact_conditions.py::test_fact_conditions_is_not_stored_in_uc_volume PASSED [ 50%]
labs/lab_06_gold_analytics_external/tests/test_fact_conditions.py::test_fact_conditions_dependencies_share_target_namespace PASSED [ 52%]
labs/lab_06_gold_analytics_external/tests/test_fact_conditions.py::test_fact_conditions_has_distinct_location_from_encounters PASSED [ 54%]
labs/lab_06_gold_analytics_external/tests/test_fact_conditions.py::test_fact_conditions_table_and_path_names_match PASSED [ 56%]
labs/lab_06_gold_analytics_external/tests/test_fact_encounters.py::test_fact_encounters_fully_qualified_name PASSED [ 58%]
labs/lab_06_gold_analytics_external/tests/test_fact_encounters.py::test_fact_encounters_external_location PASSED [ 60%]
labs/lab_06_gold_analytics_external/tests/test_fact_encounters.py::test_fact_encounters_is_not_stored_in_uc_volume PASSED [ 63%]
labs/lab_06_gold_analytics_external/tests/test_fact_encounters.py::test_fact_encounters_dependencies_share_target_namespace PASSED [ 65%]
labs/lab_06_gold_analytics_external/tests/test_fact_encounters.py::test_fact_encounters_location_is_separate_from_dimensions PASSED [ 67%]
labs/lab_06_gold_analytics_external/tests/test_fact_encounters.py::test_fact_encounters_table_and_path_names_match PASSED [ 69%]
labs/lab_06_gold_analytics_external/tests/test_governance.py::test_governance_targets_external_v2_schema_and_secure_views PASSED [ 71%]
labs/lab_06_gold_analytics_external/tests/test_governance.py::test_rls_is_implemented_in_secure_view PASSED [ 73%]
labs/lab_06_gold_analytics_external/tests/test_governance.py::test_cls_is_implemented_in_secure_view PASSED [ 76%]
labs/lab_06_gold_analytics_external/tests/test_governance.py::test_native_policies_are_not_attached_to_base_tables PASSED [ 78%]
labs/lab_06_gold_analytics_external/tests/test_governance.py::test_demo_restores_pipeline_identity_and_does_not_write_gold_data PASSED [ 80%]
labs/lab_06_gold_analytics_external/tests/test_governance.py::test_main_job_wires_governance_after_registration_before_validation PASSED [ 82%]
labs/lab_06_gold_analytics_external/tests/test_quality_rules.py::test_core_gold_model_contains_expected_number_of_objects PASSED [ 84%]
labs/lab_06_gold_analytics_external/tests/test_quality_rules.py::test_core_gold_object_names_are_unique PASSED [ 86%]
labs/lab_06_gold_analytics_external/tests/test_quality_rules.py::test_all_core_objects_have_unique_external_locations PASSED [ 89%]
labs/lab_06_gold_analytics_external/tests/test_quality_rules.py::test_all_core_objects_use_same_target_namespace PASSED [ 91%]
labs/lab_06_gold_analytics_external/tests/test_quality_rules.py::test_no_core_gold_object_uses_volume_storage PASSED [ 93%]
labs/lab_06_gold_analytics_external/tests/test_quality_rules.py::test_no_core_gold_object_uses_source_schema_as_target PASSED [ 95%]
labs/lab_06_gold_analytics_external/tests/test_quality_rules.py::test_external_paths_match_object_names PASSED [ 97%]
labs/lab_06_gold_analytics_external/tests/test_quality_rules.py::test_external_root_is_abfss_storage PASSED [100%]

============================= 46 passed in 0.34s ==============================
